00:04:01.716 [main] INFO  testcase.TC_02LoginTest - Login test passed...
00:04:02.361 [main] INFO  testcase.TC_02LoginTest - clicked on logout button..
00:04:02.362 [main] DEBUG testcase.TC_02LoginTest - Application debug logs ends...
00:04:02.362 [main] INFO  testcase.TC_02LoginTest - **** Finished TC_02_LoginTest  ****
00:06:35.825 [main] INFO  testcase.TC_01RegistrationTest - **** starting TC_01RegistrationTest  *****
00:06:35.833 [main] DEBUG testcase.TC_01RegistrationTest - capturing application debug logs....
00:06:37.178 [main] INFO  testcase.TC_01RegistrationTest - Clicked on register link
00:06:37.188 [main] INFO  testcase.TC_01RegistrationTest - Entering customer details.. 
00:06:38.751 [main] INFO  testcase.TC_01RegistrationTest - clicked on register button..
00:06:48.894 [main] INFO  testcase.TC_01RegistrationTest - Validating expected message..
00:06:48.895 [main] ERROR testcase.TC_01RegistrationTest - Test failed...
00:06:55.903 [main] INFO  testcase.TC_02LoginTest - **** starting TC_02RegistrationTest  *****
00:06:55.904 [main] DEBUG testcase.TC_02LoginTest - capturing application debug logs....
00:06:58.252 [main] INFO  testcase.TC_02LoginTest - Clicked on login link
00:06:58.253 [main] INFO  testcase.TC_02LoginTest - Entering valid email and password ..
00:06:59.217 [main] INFO  testcase.TC_02LoginTest - clicked on login button..
00:06:59.219 [main] INFO  testcase.TC_02LoginTest - checking if my account is displayed..
00:06:59.925 [main] INFO  testcase.TC_02LoginTest - Login test passed...
00:07:00.537 [main] INFO  testcase.TC_02LoginTest - clicked on logout button..
00:07:00.538 [main] DEBUG testcase.TC_02LoginTest - Application debug logs ends...
00:07:00.538 [main] INFO  testcase.TC_02LoginTest - **** Finished TC_02_LoginTest  ****
01:57:26.352 [main] INFO  testcase.TC_01RegistrationTest - **** starting TC_01RegistrationTest  *****
01:57:26.358 [main] DEBUG testcase.TC_01RegistrationTest - capturing application debug logs....
01:57:27.431 [main] INFO  testcase.TC_01RegistrationTest - Clicked on register link
01:57:27.431 [main] INFO  testcase.TC_01RegistrationTest - Entering customer details.. 
01:57:29.108 [main] INFO  testcase.TC_01RegistrationTest - clicked on register button..
01:57:39.239 [main] INFO  testcase.TC_01RegistrationTest - Validating expected message..
01:57:39.239 [main] ERROR testcase.TC_01RegistrationTest - Test failed...
01:57:45.457 [main] INFO  testcase.TC_02LoginTest - **** starting TC_02RegistrationTest  *****
01:57:45.457 [main] DEBUG testcase.TC_02LoginTest - capturing application debug logs....
01:57:46.433 [main] INFO  testcase.TC_02LoginTest - Clicked on login link
01:57:46.433 [main] INFO  testcase.TC_02LoginTest - Entering valid email and password ..
01:57:47.225 [main] INFO  testcase.TC_02LoginTest - clicked on login button..
01:57:47.229 [main] INFO  testcase.TC_02LoginTest - checking if my account is displayed..
01:57:47.842 [main] INFO  testcase.TC_02LoginTest - Login test passed...
01:57:48.436 [main] INFO  testcase.TC_02LoginTest - clicked on logout button..
01:57:48.436 [main] DEBUG testcase.TC_02LoginTest - Application debug logs ends...
01:57:48.437 [main] INFO  testcase.TC_02LoginTest - **** Finished TC_02_LoginTest  ****
21:50:16.578 [main] INFO  testcase.TC_01RegistrationTest - **** starting TC_01RegistrationTest  *****
21:50:16.592 [main] DEBUG testcase.TC_01RegistrationTest - capturing application debug logs....
21:50:18.256 [main] INFO  testcase.TC_01RegistrationTest - Clicked on register link
21:50:18.256 [main] INFO  testcase.TC_01RegistrationTest - Entering customer details.. 
21:50:25.462 [main] INFO  testcase.TC_01RegistrationTest - clicked on register button..
21:50:25.693 [main] INFO  testcase.TC_01RegistrationTest - Validating expected message..
21:50:25.693 [main] INFO  testcase.TC_01RegistrationTest - Test passed...
21:50:25.720 [main] DEBUG testcase.TC_01RegistrationTest - Application debug logs ends...
21:50:25.720 [main] INFO  testcase.TC_01RegistrationTest - **** finished TC_01_AccountRegistrationTest  *****
21:50:37.842 [main] INFO  testcase.TC_02LoginTest - **** starting TC_02RegistrationTest  *****
21:50:37.842 [main] DEBUG testcase.TC_02LoginTest - capturing application debug logs....
21:50:41.360 [main] INFO  testcase.TC_02LoginTest - Clicked on login link
21:50:41.361 [main] INFO  testcase.TC_02LoginTest - Entering valid email and password ..
21:50:42.585 [main] INFO  testcase.TC_02LoginTest - clicked on login button..
21:50:42.732 [main] INFO  testcase.TC_02LoginTest - checking if my account is displayed..
21:50:43.479 [main] INFO  testcase.TC_02LoginTest - Login test passed...
21:50:44.507 [main] INFO  testcase.TC_02LoginTest - clicked on logout button..
21:50:44.508 [main] DEBUG testcase.TC_02LoginTest - Application debug logs ends...
21:50:44.508 [main] INFO  testcase.TC_02LoginTest - **** Finished TC_02_LoginTest  ****
21:52:00.422 [main] INFO  testcase.TC_01RegistrationTest - **** starting TC_01RegistrationTest  *****
