19:49:32.039 [main] INFO  testcase.TC_01RegistrationTest - **** starting TC_01RegistrationTest  *****
19:49:32.102 [main] DEBUG testcase.TC_01RegistrationTest - capturing application debug logs....
19:49:32.946 [main] INFO  testcase.TC_01RegistrationTest - Clicked on register link
19:49:32.947 [main] INFO  testcase.TC_01RegistrationTest - Entering customer details.. 
19:49:35.250 [main] INFO  testcase.TC_01RegistrationTest - clicked on register button..
19:49:35.394 [main] INFO  testcase.TC_01RegistrationTest - Validating expected message..
19:49:35.395 [main] INFO  testcase.TC_01RegistrationTest - Test passed...
19:49:35.463 [main] DEBUG testcase.TC_01RegistrationTest - Application debug logs ends...
19:49:35.463 [main] INFO  testcase.TC_01RegistrationTest - **** finished TC_01_AccountRegistrationTest  *****
19:53:15.964 [main] INFO  testcase.TC_01RegistrationTest - **** starting TC_01RegistrationTest  *****
19:53:15.968 [main] DEBUG testcase.TC_01RegistrationTest - capturing application debug logs....
19:53:17.580 [main] INFO  testcase.TC_01RegistrationTest - Clicked on register link
19:53:17.580 [main] INFO  testcase.TC_01RegistrationTest - Entering customer details.. 
19:53:19.305 [main] INFO  testcase.TC_01RegistrationTest - clicked on register button..
19:53:29.485 [main] INFO  testcase.TC_01RegistrationTest - Validating expected message..
19:53:29.485 [main] ERROR testcase.TC_01RegistrationTest - Test failed...
00:06:53.706 [main] INFO  testcase.TC_01RegistrationTest - **** starting TC_01RegistrationTest  *****
00:06:53.710 [main] DEBUG testcase.TC_01RegistrationTest - capturing application debug logs....
00:06:54.611 [main] INFO  testcase.TC_01RegistrationTest - Clicked on register link
00:06:54.611 [main] INFO  testcase.TC_01RegistrationTest - Entering customer details.. 
00:06:56.925 [main] INFO  testcase.TC_01RegistrationTest - clicked on register button..
00:06:56.970 [main] INFO  testcase.TC_01RegistrationTest - Validating expected message..
00:06:56.970 [main] INFO  testcase.TC_01RegistrationTest - Test passed...
00:06:56.972 [main] DEBUG testcase.TC_01RegistrationTest - Application debug logs ends...
00:06:56.973 [main] INFO  testcase.TC_01RegistrationTest - **** finished TC_01_AccountRegistrationTest  *****
00:07:06.813 [main] INFO  testcase.TC_02LoginTest - **** starting TC_02RegistrationTest  *****
00:07:06.813 [main] DEBUG testcase.TC_02LoginTest - capturing application debug logs....
00:07:08.431 [main] INFO  testcase.TC_02LoginTest - Clicked on login link
00:07:08.431 [main] INFO  testcase.TC_02LoginTest - Entering valid email and password ..
00:07:09.610 [main] INFO  testcase.TC_02LoginTest - clicked on login button..
00:07:09.781 [main] INFO  testcase.TC_02LoginTest - checking if my account is displayed..
00:07:10.445 [main] INFO  testcase.TC_02LoginTest - Login test passed...
00:07:11.386 [main] INFO  testcase.TC_02LoginTest - clicked on logout button..
00:07:11.386 [main] DEBUG testcase.TC_02LoginTest - Application debug logs ends...
00:07:11.387 [main] INFO  testcase.TC_02LoginTest - **** Finished TC_02_LoginTest  ****
01:04:54.831 [main] INFO  testcase.TC_01RegistrationTest - **** starting TC_01RegistrationTest  *****
01:04:54.984 [main] DEBUG testcase.TC_01RegistrationTest - capturing application debug logs....
01:04:55.474 [main] ERROR testcase.TC_01RegistrationTest - test failure..
01:04:59.238 [main] INFO  testcase.TC_02LoginTest - **** starting TC_02RegistrationTest  *****
01:04:59.239 [main] DEBUG testcase.TC_02LoginTest - capturing application debug logs....
01:04:59.278 [main] ERROR testcase.TC_02LoginTest - test failure..
01:04:59.279 [main] DEBUG testcase.TC_02LoginTest - Application debug logs ends...
01:04:59.279 [main] INFO  testcase.TC_02LoginTest - **** Finished TC_02_LoginTest  ****
01:08:32.971 [main] INFO  testcase.TC_01RegistrationTest - **** starting TC_01RegistrationTest  *****
01:08:32.976 [main] DEBUG testcase.TC_01RegistrationTest - capturing application debug logs....
01:08:34.140 [main] ERROR testcase.TC_01RegistrationTest - test failure..
01:08:44.699 [main] INFO  testcase.TC_02LoginTest - **** starting TC_02RegistrationTest  *****
01:08:44.700 [main] DEBUG testcase.TC_02LoginTest - capturing application debug logs....
01:08:44.758 [main] ERROR testcase.TC_02LoginTest - test failure..
01:08:44.759 [main] DEBUG testcase.TC_02LoginTest - Application debug logs ends...
01:08:44.759 [main] INFO  testcase.TC_02LoginTest - **** Finished TC_02_LoginTest  ****
01:10:40.363 [main] INFO  testcase.TC_01RegistrationTest - **** starting TC_01RegistrationTest  *****
01:10:40.367 [main] DEBUG testcase.TC_01RegistrationTest - capturing application debug logs....
01:10:40.730 [main] ERROR testcase.TC_01RegistrationTest - test failure..
01:10:46.129 [main] INFO  testcase.TC_02LoginTest - **** starting TC_02RegistrationTest  *****
01:10:46.129 [main] DEBUG testcase.TC_02LoginTest - capturing application debug logs....
