01:10:46.190 [main] ERROR testcase.TC_02LoginTest - test failure..
01:10:46.301 [main] DEBUG testcase.TC_02LoginTest - Application debug logs ends...
01:10:46.301 [main] INFO  testcase.TC_02LoginTest - **** Finished TC_02_LoginTest  ****
23:37:59.747 [main] INFO  testcase.TC_01RegistrationTest - **** starting TC_01RegistrationTest  *****
23:37:59.860 [main] DEBUG testcase.TC_01RegistrationTest - capturing application debug logs....
23:38:01.506 [main] INFO  testcase.TC_01RegistrationTest - Clicked on register link
23:38:01.506 [main] INFO  testcase.TC_01RegistrationTest - Entering customer details.. 
23:38:03.932 [main] INFO  testcase.TC_01RegistrationTest - clicked on register button..
23:38:04.264 [main] INFO  testcase.TC_01RegistrationTest - Validating expected message..
23:38:04.265 [main] INFO  testcase.TC_01RegistrationTest - Test passed...
23:38:04.270 [main] DEBUG testcase.TC_01RegistrationTest - Application debug logs ends...
23:38:04.271 [main] INFO  testcase.TC_01RegistrationTest - **** finished TC_01_AccountRegistrationTest  *****
23:38:13.784 [main] INFO  testcase.TC_02LoginTest - **** starting TC_02RegistrationTest  *****
23:38:13.784 [main] DEBUG testcase.TC_02LoginTest - capturing application debug logs....
23:38:15.044 [main] INFO  testcase.TC_02LoginTest - Clicked on login link
23:38:15.044 [main] INFO  testcase.TC_02LoginTest - Entering valid email and password ..
23:38:15.944 [main] INFO  testcase.TC_02LoginTest - clicked on login button..
23:38:15.946 [main] INFO  testcase.TC_02LoginTest - checking if my account is displayed..
23:38:16.629 [main] INFO  testcase.TC_02LoginTest - Login test passed...
23:38:17.368 [main] INFO  testcase.TC_02LoginTest - clicked on logout button..
23:38:17.368 [main] DEBUG testcase.TC_02LoginTest - Application debug logs ends...
23:38:17.368 [main] INFO  testcase.TC_02LoginTest - **** Finished TC_02_LoginTest  ****
23:56:27.552 [main] INFO  testcase.TC_01RegistrationTest - **** starting TC_01RegistrationTest  *****
23:56:27.556 [main] DEBUG testcase.TC_01RegistrationTest - capturing application debug logs....
23:56:28.911 [main] INFO  testcase.TC_01RegistrationTest - Clicked on register link
23:56:28.912 [main] INFO  testcase.TC_01RegistrationTest - Entering customer details.. 
23:56:30.751 [main] INFO  testcase.TC_01RegistrationTest - clicked on register button..
23:56:30.893 [main] INFO  testcase.TC_01RegistrationTest - Validating expected message..
23:56:30.893 [main] INFO  testcase.TC_01RegistrationTest - Test passed...
23:56:30.897 [main] DEBUG testcase.TC_01RegistrationTest - Application debug logs ends...
23:56:30.897 [main] INFO  testcase.TC_01RegistrationTest - **** finished TC_01_AccountRegistrationTest  *****
23:56:39.611 [main] INFO  testcase.TC_02LoginTest - **** starting TC_02RegistrationTest  *****
23:56:39.614 [main] DEBUG testcase.TC_02LoginTest - capturing application debug logs....
23:56:41.298 [main] INFO  testcase.TC_02LoginTest - Clicked on login link
23:56:41.298 [main] INFO  testcase.TC_02LoginTest - Entering valid email and password ..
23:56:42.169 [main] INFO  testcase.TC_02LoginTest - clicked on login button..
23:56:42.173 [main] INFO  testcase.TC_02LoginTest - checking if my account is displayed..
23:56:42.771 [main] INFO  testcase.TC_02LoginTest - Login test passed...
23:56:43.389 [main] INFO  testcase.TC_02LoginTest - clicked on logout button..
23:56:43.390 [main] DEBUG testcase.TC_02LoginTest - Application debug logs ends...
23:56:43.390 [main] INFO  testcase.TC_02LoginTest - **** Finished TC_02_LoginTest  ****
23:59:14.213 [main] INFO  testcase.TC_01RegistrationTest - **** starting TC_01RegistrationTest  *****
23:59:14.264 [main] DEBUG testcase.TC_01RegistrationTest - capturing application debug logs....
23:59:14.405 [main] ERROR testcase.TC_01RegistrationTest - test failure..
23:59:17.694 [main] INFO  testcase.TC_02LoginTest - **** starting TC_02RegistrationTest  *****
23:59:17.695 [main] DEBUG testcase.TC_02LoginTest - capturing application debug logs....
23:59:17.759 [main] ERROR testcase.TC_02LoginTest - test failure..
23:59:17.759 [main] DEBUG testcase.TC_02LoginTest - Application debug logs ends...
23:59:17.759 [main] INFO  testcase.TC_02LoginTest - **** Finished TC_02_LoginTest  ****
00:03:15.725 [main] INFO  testcase.TC_01RegistrationTest - **** starting TC_01RegistrationTest  *****
00:03:15.732 [main] DEBUG testcase.TC_01RegistrationTest - capturing application debug logs....
00:03:16.853 [main] INFO  testcase.TC_01RegistrationTest - Clicked on register link
00:03:16.853 [main] INFO  testcase.TC_01RegistrationTest - Entering customer details.. 
00:03:18.610 [main] INFO  testcase.TC_01RegistrationTest - clicked on register button..
00:03:28.678 [main] INFO  testcase.TC_01RegistrationTest - Validating expected message..
00:03:28.679 [main] ERROR testcase.TC_01RegistrationTest - Test failed...
00:03:35.226 [main] INFO  testcase.TC_02LoginTest - **** starting TC_02RegistrationTest  *****
