01:43:38.258 [TestNG-tests-1] ERROR testcase.TC_02LoginTest - test failure..
01:45:23.008 [TestNG-tests-1] INFO  testcase.TC_01RegistrationTest - **** starting TC_01RegistrationTest  *****
01:45:23.087 [TestNG-tests-1] DEBUG testcase.TC_01RegistrationTest - capturing application debug logs....
01:45:24.305 [TestNG-tests-1] INFO  testcase.TC_01RegistrationTest - Clicked on register link
01:45:24.306 [TestNG-tests-1] INFO  testcase.TC_01RegistrationTest - Entering customer details.. 
01:45:27.141 [TestNG-tests-1] INFO  testcase.TC_01RegistrationTest - clicked on register button..
01:45:27.183 [TestNG-tests-1] INFO  testcase.TC_01RegistrationTest - Validating expected message..
01:45:27.219 [TestNG-tests-1] INFO  testcase.TC_01RegistrationTest - Test passed...
01:45:27.221 [TestNG-tests-1] DEBUG testcase.TC_01RegistrationTest - Application debug logs ends...
01:45:27.222 [TestNG-tests-1] INFO  testcase.TC_01RegistrationTest - **** finished TC_01_AccountRegistrationTest  *****
01:45:30.001 [TestNG-tests-2] INFO  testcase.TC_02LoginTest - **** starting TC_02RegistrationTest  *****
01:45:30.003 [TestNG-tests-2] DEBUG testcase.TC_02LoginTest - capturing application debug logs....
01:45:37.747 [TestNG-tests-2] INFO  testcase.TC_02LoginTest - Clicked on login link
01:45:40.002 [TestNG-tests-2] INFO  testcase.TC_02LoginTest - clicked on login button..
01:45:40.005 [TestNG-tests-2] INFO  testcase.TC_02LoginTest - checking if my account is displayed..
01:45:43.743 [TestNG-tests-2] INFO  testcase.TC_02LoginTest - Login test passed...
01:45:43.743 [TestNG-tests-2] DEBUG testcase.TC_02LoginTest - Application debug logs ends...
01:45:43.743 [TestNG-tests-2] INFO  testcase.TC_02LoginTest - **** Finished TC_02_LoginTest  ****
01:45:50.350 [TestNG-tests-3] INFO  testcase.TC_02LoginTest - **** starting TC_02RegistrationTest  *****
01:45:50.351 [TestNG-tests-3] DEBUG testcase.TC_02LoginTest - capturing application debug logs....
01:45:54.728 [TestNG-tests-3] INFO  testcase.TC_02LoginTest - Clicked on login link
01:45:55.828 [TestNG-tests-3] INFO  testcase.TC_02LoginTest - clicked on login button..
01:45:55.829 [TestNG-tests-3] INFO  testcase.TC_02LoginTest - checking if my account is displayed..
01:45:56.979 [TestNG-tests-3] INFO  testcase.TC_02LoginTest - Login test passed...
01:45:56.980 [TestNG-tests-3] DEBUG testcase.TC_02LoginTest - Application debug logs ends...
01:45:56.980 [TestNG-tests-3] INFO  testcase.TC_02LoginTest - **** Finished TC_02_LoginTest  ****
01:45:57.228 [TestNG-tests-1] INFO  testcase.TC_02LoginTest - **** starting TC_02RegistrationTest  *****
01:45:57.229 [TestNG-tests-1] DEBUG testcase.TC_02LoginTest - capturing application debug logs....
01:45:59.505 [TestNG-tests-1] INFO  testcase.TC_02LoginTest - Clicked on login link
01:46:00.505 [TestNG-tests-1] INFO  testcase.TC_02LoginTest - clicked on login button..
01:46:00.506 [TestNG-tests-1] INFO  testcase.TC_02LoginTest - checking if my account is displayed..
01:46:01.193 [TestNG-tests-1] INFO  testcase.TC_02LoginTest - Login test passed...
01:46:01.193 [TestNG-tests-1] DEBUG testcase.TC_02LoginTest - Application debug logs ends...
01:46:01.193 [TestNG-tests-1] INFO  testcase.TC_02LoginTest - **** Finished TC_02_LoginTest  ****
01:47:10.362 [TestNG-tests-1] INFO  testcase.TC_02LoginTest - **** starting TC_02RegistrationTest  *****
01:47:10.537 [TestNG-tests-1] DEBUG testcase.TC_02LoginTest - capturing application debug logs....
01:47:14.278 [TestNG-tests-1] INFO  testcase.TC_02LoginTest - Clicked on login link
01:47:15.082 [TestNG-tests-2] INFO  testcase.TC_02LoginTest - **** starting TC_02RegistrationTest  *****
01:47:15.083 [TestNG-tests-2] DEBUG testcase.TC_02LoginTest - capturing application debug logs....
01:47:15.871 [TestNG-tests-1] INFO  testcase.TC_02LoginTest - clicked on login button..
01:47:15.875 [TestNG-tests-1] INFO  testcase.TC_02LoginTest - checking if my account is displayed..
01:47:16.282 [TestNG-tests-2] INFO  testcase.TC_02LoginTest - Clicked on login link
01:47:16.683 [TestNG-tests-1] INFO  testcase.TC_02LoginTest - Login test passed...
01:47:16.689 [TestNG-tests-1] DEBUG testcase.TC_02LoginTest - Application debug logs ends...
01:47:16.689 [TestNG-tests-1] INFO  testcase.TC_02LoginTest - **** Finished TC_02_LoginTest  ****
01:47:17.353 [TestNG-tests-2] INFO  testcase.TC_02LoginTest - clicked on login button..
01:47:17.353 [TestNG-tests-2] INFO  testcase.TC_02LoginTest - checking if my account is displayed..
01:47:18.111 [TestNG-tests-2] INFO  testcase.TC_02LoginTest - Login test passed...
01:47:18.112 [TestNG-tests-2] DEBUG testcase.TC_02LoginTest - Application debug logs ends...
01:47:18.112 [TestNG-tests-2] INFO  testcase.TC_02LoginTest - **** Finished TC_02_LoginTest  ****
01:47:20.402 [TestNG-tests-3] INFO  testcase.TC_02LoginTest - **** starting TC_02RegistrationTest  *****
01:47:20.403 [TestNG-tests-3] DEBUG testcase.TC_02LoginTest - capturing application debug logs....
01:47:21.625 [TestNG-tests-3] INFO  testcase.TC_02LoginTest - Clicked on login link
