23:40:42.203 [main] INFO  testcase.TC_02LoginTest - **** starting TC_02RegistrationTest  *****
23:40:42.215 [main] DEBUG testcase.TC_02LoginTest - capturing application debug logs....
23:40:44.065 [main] INFO  testcase.TC_02LoginTest - Clicked on login link
23:40:44.065 [main] INFO  testcase.TC_02LoginTest - Entering valid email and password ..
23:40:45.134 [main] INFO  testcase.TC_02LoginTest - clicked on login button..
23:40:45.137 [main] INFO  testcase.TC_02LoginTest - checking if my account is displayed..
23:40:45.705 [main] INFO  testcase.TC_02LoginTest - Login test passed...
23:40:46.337 [main] INFO  testcase.TC_02LoginTest - clicked on logout button..
23:40:46.344 [main] DEBUG testcase.TC_02LoginTest - Application debug logs ends...
23:40:46.344 [main] INFO  testcase.TC_02LoginTest - **** Finished TC_02_LoginTest  ****
20:05:48.157 [main] INFO  testcase.TC_01RegistrationTest - **** starting TC_01RegistrationTest  *****
20:05:48.207 [main] DEBUG testcase.TC_01RegistrationTest - capturing application debug logs....
20:05:49.975 [main] INFO  testcase.TC_01RegistrationTest - Clicked on register link
20:05:49.975 [main] INFO  testcase.TC_01RegistrationTest - Entering customer details.. 
20:05:52.337 [main] INFO  testcase.TC_01RegistrationTest - clicked on register button..
20:05:52.448 [main] INFO  testcase.TC_01RegistrationTest - Validating expected message..
20:05:52.448 [main] INFO  testcase.TC_01RegistrationTest - Test passed...
20:05:52.451 [main] DEBUG testcase.TC_01RegistrationTest - Application debug logs ends...
20:05:52.451 [main] INFO  testcase.TC_01RegistrationTest - **** finished TC_01_AccountRegistrationTest  *****
20:06:01.097 [main] INFO  testcase.TC_02LoginTest - **** starting TC_02RegistrationTest  *****
20:06:01.097 [main] DEBUG testcase.TC_02LoginTest - capturing application debug logs....
20:06:01.666 [main] INFO  testcase.TC_02LoginTest - Clicked on login link
20:06:01.668 [main] INFO  testcase.TC_02LoginTest - Entering valid email and password ..
20:06:02.805 [main] INFO  testcase.TC_02LoginTest - clicked on login button..
20:06:02.807 [main] INFO  testcase.TC_02LoginTest - checking if my account is displayed..
20:06:03.472 [main] INFO  testcase.TC_02LoginTest - Login test passed...
20:06:04.073 [main] INFO  testcase.TC_02LoginTest - clicked on logout button..
20:06:04.073 [main] DEBUG testcase.TC_02LoginTest - Application debug logs ends...
20:06:04.073 [main] INFO  testcase.TC_02LoginTest - **** Finished TC_02_LoginTest  ****
20:08:45.085 [main] INFO  testcase.TC_02LoginTest - **** starting TC_02RegistrationTest  *****
20:08:45.124 [main] DEBUG testcase.TC_02LoginTest - capturing application debug logs....
20:08:46.335 [main] INFO  testcase.TC_02LoginTest - Clicked on login link
20:08:46.335 [main] INFO  testcase.TC_02LoginTest - Entering valid email and password ..
20:08:47.350 [main] INFO  testcase.TC_02LoginTest - clicked on login button..
20:08:47.351 [main] INFO  testcase.TC_02LoginTest - checking if my account is displayed..
20:08:48.003 [main] INFO  testcase.TC_02LoginTest - Login test passed...
20:08:48.568 [main] INFO  testcase.TC_02LoginTest - clicked on logout button..
20:08:48.569 [main] DEBUG testcase.TC_02LoginTest - Application debug logs ends...
20:08:48.569 [main] INFO  testcase.TC_02LoginTest - **** Finished TC_02_LoginTest  ****
20:09:16.332 [main] INFO  testcase.TC_02LoginTest - **** starting TC_02RegistrationTest  *****
20:09:16.387 [main] DEBUG testcase.TC_02LoginTest - capturing application debug logs....
20:09:17.109 [main] INFO  testcase.TC_02LoginTest - Clicked on login link
20:09:17.109 [main] INFO  testcase.TC_02LoginTest - Entering valid email and password ..
20:09:17.996 [main] INFO  testcase.TC_02LoginTest - clicked on login button..
20:09:17.999 [main] INFO  testcase.TC_02LoginTest - checking if my account is displayed..
20:09:18.597 [main] INFO  testcase.TC_02LoginTest - Login test passed...
20:09:19.189 [main] INFO  testcase.TC_02LoginTest - clicked on logout button..
20:09:19.189 [main] DEBUG testcase.TC_02LoginTest - Application debug logs ends...
20:09:19.189 [main] INFO  testcase.TC_02LoginTest - **** Finished TC_02_LoginTest  ****
20:12:03.330 [main] INFO  testcase.TC_01RegistrationTest - **** starting TC_01RegistrationTest  *****
20:12:03.367 [main] DEBUG testcase.TC_01RegistrationTest - capturing application debug logs....
20:12:04.520 [main] INFO  testcase.TC_01RegistrationTest - Clicked on register link
20:12:04.520 [main] INFO  testcase.TC_01RegistrationTest - Entering customer details.. 
20:12:06.345 [main] INFO  testcase.TC_01RegistrationTest - clicked on register button..
20:12:09.095 [main] INFO  testcase.TC_01RegistrationTest - Validating expected message..
20:12:09.095 [main] ERROR testcase.TC_01RegistrationTest - Test failed...
20:12:48.060 [main] INFO  testcase.TC_01RegistrationTest - **** starting TC_01RegistrationTest  *****
20:12:48.097 [main] DEBUG testcase.TC_01RegistrationTest - capturing application debug logs....
