21:52:00.439 [main] DEBUG testcase.TC_01RegistrationTest - capturing application debug logs....
21:52:02.177 [main] INFO  testcase.TC_01RegistrationTest - Clicked on register link
21:52:02.177 [main] INFO  testcase.TC_01RegistrationTest - Entering customer details.. 
21:52:04.156 [main] INFO  testcase.TC_01RegistrationTest - clicked on register button..
21:52:14.328 [main] INFO  testcase.TC_01RegistrationTest - Validating expected message..
21:52:14.329 [main] ERROR testcase.TC_01RegistrationTest - Test failed...
21:52:22.053 [main] INFO  testcase.TC_02LoginTest - **** starting TC_02RegistrationTest  *****
21:52:22.063 [main] DEBUG testcase.TC_02LoginTest - capturing application debug logs....
21:52:23.575 [main] INFO  testcase.TC_02LoginTest - Clicked on login link
21:52:23.575 [main] INFO  testcase.TC_02LoginTest - Entering valid email and password ..
21:52:24.595 [main] INFO  testcase.TC_02LoginTest - clicked on login button..
21:52:24.598 [main] INFO  testcase.TC_02LoginTest - checking if my account is displayed..
21:52:25.216 [main] INFO  testcase.TC_02LoginTest - Login test passed...
21:52:25.936 [main] INFO  testcase.TC_02LoginTest - clicked on logout button..
21:52:25.937 [main] DEBUG testcase.TC_02LoginTest - Application debug logs ends...
21:52:25.937 [main] INFO  testcase.TC_02LoginTest - **** Finished TC_02_LoginTest  ****
22:39:17.691 [main] INFO  testcase.TC_01RegistrationTest - **** starting TC_01RegistrationTest  *****
22:39:17.761 [main] DEBUG testcase.TC_01RegistrationTest - capturing application debug logs....
22:39:19.064 [main] INFO  testcase.TC_01RegistrationTest - Clicked on register link
22:39:19.064 [main] INFO  testcase.TC_01RegistrationTest - Entering customer details.. 
22:39:29.917 [main] INFO  testcase.TC_01RegistrationTest - clicked on register button..
22:39:30.140 [main] INFO  testcase.TC_01RegistrationTest - Validating expected message..
22:39:30.140 [main] INFO  testcase.TC_01RegistrationTest - Test passed...
22:39:30.162 [main] DEBUG testcase.TC_01RegistrationTest - Application debug logs ends...
22:39:30.163 [main] INFO  testcase.TC_01RegistrationTest - **** finished TC_01_AccountRegistrationTest  *****
22:39:49.837 [main] INFO  testcase.TC_02LoginTest - **** starting TC_02RegistrationTest  *****
22:39:49.837 [main] DEBUG testcase.TC_02LoginTest - capturing application debug logs....
22:39:51.362 [main] INFO  testcase.TC_02LoginTest - Clicked on login link
22:39:51.362 [main] INFO  testcase.TC_02LoginTest - Entering valid email and password ..
22:39:52.447 [main] INFO  testcase.TC_02LoginTest - clicked on login button..
22:39:52.510 [main] INFO  testcase.TC_02LoginTest - checking if my account is displayed..
22:39:53.302 [main] INFO  testcase.TC_02LoginTest - Login test passed...
22:39:54.196 [main] INFO  testcase.TC_02LoginTest - clicked on logout button..
22:39:54.196 [main] DEBUG testcase.TC_02LoginTest - Application debug logs ends...
22:39:54.197 [main] INFO  testcase.TC_02LoginTest - **** Finished TC_02_LoginTest  ****
